  main.cpp
c:\users\mahmoud\source\repos\web\web\multiclientchat.h(5): error C2504: 'puplic': base class undefined
c:\users\mahmoud\source\repos\web\web\multiclientchat.h(5): error C2146: syntax error: missing ',' before identifier 'TcpListener'
c:\users\mahmoud\source\repos\web\web\multiclientchat.h(8): error C2059: syntax error: ':'
c:\users\mahmoud\source\repos\web\web\multiclientchat.h(8): error C2334: unexpected token(s) preceding ':'; skipping apparent function body
c:\users\mahmoud\source\repos\web\web\main.cpp(15): fatal error C1004: unexpected end-of-file found
  MultiClientChat.cpp
c:\users\mahmoud\source\repos\web\web\multiclientchat.h(5): error C2504: 'puplic': base class undefined
c:\users\mahmoud\source\repos\web\web\multiclientchat.h(5): error C2146: syntax error: missing ',' before identifier 'TcpListener'
c:\users\mahmoud\source\repos\web\web\multiclientchat.h(8): error C2059: syntax error: ':'
c:\users\mahmoud\source\repos\web\web\multiclientchat.h(8): error C2334: unexpected token(s) preceding ':'; skipping apparent function body
c:\users\mahmoud\source\repos\web\web\multiclientchat.cpp(6): error C3254: 'MultiClientChat': class contains explicit override 'onClientConnected' but does not derive from an interface that contains the function declaration
c:\users\mahmoud\source\repos\web\web\multiclientchat.cpp(6): error C3241: 'void MultiClientChat::onClientConnected(int)': this method was not introduced by 'TcpListener'
  c:\users\mahmoud\source\repos\web\web\multiclientchat.cpp(6): note: see declaration of 'MultiClientChat::onClientConnected'
c:\users\mahmoud\source\repos\web\web\multiclientchat.cpp(7): error C2059: syntax error: '{'
c:\users\mahmoud\source\repos\web\web\multiclientchat.cpp(7): error C2334: unexpected token(s) preceding '{'; skipping apparent function body
c:\users\mahmoud\source\repos\web\web\multiclientchat.cpp(13): error C3240: 'onClientDisconnected': must be a non-overloaded abstract member function of 'TcpListener'
c:\users\mahmoud\source\repos\web\web\multiclientchat.cpp(13): error C2838: 'onClientDisconnected': illegal qualified name in member declaration
  c:\users\mahmoud\source\repos\web\web\multiclientchat.cpp(13): note: An explicit override can only be used for a method that was first introduced in an interface and whose override qualifier is an interface 
c:\users\mahmoud\source\repos\web\web\multiclientchat.cpp(14): error C2059: syntax error: '{'
c:\users\mahmoud\source\repos\web\web\multiclientchat.cpp(14): error C2334: unexpected token(s) preceding '{'; skipping apparent function body
c:\users\mahmoud\source\repos\web\web\multiclientchat.cpp(19): error C3240: 'onMessageReceived': must be a non-overloaded abstract member function of 'TcpListener'
c:\users\mahmoud\source\repos\web\web\multiclientchat.cpp(19): error C2838: 'onMessageReceived': illegal qualified name in member declaration
  c:\users\mahmoud\source\repos\web\web\multiclientchat.cpp(19): note: An explicit override can only be used for a method that was first introduced in an interface and whose override qualifier is an interface 
c:\users\mahmoud\source\repos\web\web\multiclientchat.cpp(20): error C2059: syntax error: '{'
c:\users\mahmoud\source\repos\web\web\multiclientchat.cpp(20): error C2334: unexpected token(s) preceding '{'; skipping apparent function body
c:\users\mahmoud\source\repos\web\web\multiclientchat.cpp(25): fatal error C1004: unexpected end-of-file found
  TcpListener.cpp
c:\users\mahmoud\source\repos\web\web\tcplistener.cpp(44): error C2065: 'm_master': undeclared identifier
c:\users\mahmoud\source\repos\web\web\tcplistener.cpp(49): error C2065: 'm_master': undeclared identifier
c:\users\mahmoud\source\repos\web\web\tcplistener.cpp(79): error C2065: 'm_master': undeclared identifier
c:\users\mahmoud\source\repos\web\web\tcplistener.cpp(97): error C2065: 'm_master': undeclared identifier
c:\users\mahmoud\source\repos\web\web\tcplistener.cpp(99): error C2660: 'TcpListener::onClientConnected': function does not take 1 arguments
  c:\users\mahmoud\source\repos\web\web\tcplistener.h(24): note: see declaration of 'TcpListener::onClientConnected'
c:\users\mahmoud\source\repos\web\web\tcplistener.cpp(115): error C2660: 'TcpListener::onClientDisconnected': function does not take 1 arguments
  c:\users\mahmoud\source\repos\web\web\tcplistener.h(26): note: see declaration of 'TcpListener::onClientDisconnected'
c:\users\mahmoud\source\repos\web\web\tcplistener.cpp(117): error C2065: 'm_master': undeclared identifier
c:\users\mahmoud\source\repos\web\web\tcplistener.cpp(159): error C2065: 'm_master': undeclared identifier
c:\users\mahmoud\source\repos\web\web\tcplistener.cpp(165): error C2065: 'm_master': undeclared identifier
c:\users\mahmoud\source\repos\web\web\tcplistener.cpp(168): error C2065: 'm_master': undeclared identifier
c:\users\mahmoud\source\repos\web\web\tcplistener.cpp(174): error C2065: 'm_master': undeclared identifier
c:\users\mahmoud\source\repos\web\web\tcplistener.cpp(183): error C2761: 'void TcpListener::sentToClient(int,const char *,int)': redeclaration of member is not allowed
c:\users\mahmoud\source\repos\web\web\tcplistener.cpp(184): error C2447: '{': missing function header (old-style formal list?)
c:\users\mahmoud\source\repos\web\web\tcplistener.cpp(189): error C2447: '{': missing function header (old-style formal list?)
c:\users\mahmoud\source\repos\web\web\tcplistener.cpp(200): error C2761: 'void TcpListener::onClientConnected(void)': redeclaration of member is not allowed
c:\users\mahmoud\source\repos\web\web\tcplistener.cpp(202): error C2447: '{': missing function header (old-style formal list?)
c:\users\mahmoud\source\repos\web\web\tcplistener.cpp(205): error C2761: 'void TcpListener::onClientDisconnected(void)': redeclaration of member is not allowed
c:\users\mahmoud\source\repos\web\web\tcplistener.cpp(206): error C2447: '{': missing function header (old-style formal list?)
c:\users\mahmoud\source\repos\web\web\tcplistener.cpp(210): error C2447: '{': missing function header (old-style formal list?)
  Generating Code...
